<?xml version="1.0" encoding="UTF-8"?>
<!-- Generated by org.testng.reporters.JUnitXMLReporter -->
<testsuite hostname="LAPTOP-2U0TTD3N" ignored="0" name="Surefire test" tests="6" failures="3" timestamp="2021-10-10T10:05:55 CAT" time="5.598" errors="0">
  <testcase name="create on create(za.ac.nwu.ac.web.sb.controller.AccountTypeControllerTest)" time="5.023" classname="za.ac.nwu.ac.web.sb.controller.AccountTypeControllerTest"/>
  <testcase name="getAll on getAll(za.ac.nwu.ac.web.sb.controller.AccountTypeControllerTest)" time="5.062" classname="za.ac.nwu.ac.web.sb.controller.AccountTypeControllerTest"/>
  <testcase name="updateAccountTypeObitMandatory on updateAccountTypeObitMandatory(za.ac.nwu.ac.web.sb.controller.AccountTypeControllerTest)" time="5.108" classname="za.ac.nwu.ac.web.sb.controller.AccountTypeControllerTest"/>
  <testcase name="updateAccountType on updateAccountType(za.ac.nwu.ac.web.sb.controller.AccountTypeControllerTest)" time="5.192" classname="za.ac.nwu.ac.web.sb.controller.AccountTypeControllerTest">
    <failure type="java.lang.AssertionError" message="Status expected:&amp;lt;200&amp;gt; but was:&amp;lt;400&amp;gt;">
      <![CDATA[java.lang.AssertionError: Status expected:<200> but was:<400>
at org.springframework.test.util.AssertionErrors.fail(AssertionErrors.java:59)
at org.springframework.test.util.AssertionErrors.assertEquals(AssertionErrors.java:98)
at org.springframework.test.web.servlet.result.StatusResultMatchers.lambda$matcher$9(StatusResultMatchers.java:619)
at org.springframework.test.web.servlet.MockMvc$1.andExpect(MockMvc.java:195)
at za.ac.nwu.ac.web.sb.controller.AccountTypeControllerTest.updateAccountType(AccountTypeControllerTest.java:137)
at org.junit.runners.model.FrameworkMethod$1.runReflectiveCall(FrameworkMethod.java:50)
at org.junit.internal.runners.model.ReflectiveCallable.run(ReflectiveCallable.java:12)
at org.junit.runners.model.FrameworkMethod.invokeExplosively(FrameworkMethod.java:47)
at org.junit.internal.runners.statements.InvokeMethod.evaluate(InvokeMethod.java:17)
at org.junit.internal.runners.statements.RunBefores.evaluate(RunBefores.java:26)
at org.junit.runners.ParentRunner.runLeaf(ParentRunner.java:325)
at org.junit.runners.BlockJUnit4ClassRunner.runChild(BlockJUnit4ClassRunner.java:78)
at org.junit.runners.BlockJUnit4ClassRunner.runChild(BlockJUnit4ClassRunner.java:57)
at org.junit.runners.ParentRunner$3.run(ParentRunner.java:290)
at org.junit.runners.ParentRunner$1.schedule(ParentRunner.java:71)
at org.junit.runners.ParentRunner.runChildren(ParentRunner.java:288)
at org.junit.runners.ParentRunner.access$000(ParentRunner.java:58)
at org.junit.runners.ParentRunner$2.evaluate(ParentRunner.java:268)
at org.junit.runners.ParentRunner.run(ParentRunner.java:363)
at org.mockito.internal.runners.DefaultInternalRunner$1.run(DefaultInternalRunner.java:79)
at org.mockito.internal.runners.DefaultInternalRunner.run(DefaultInternalRunner.java:85)
at org.mockito.internal.runners.StrictRunner.run(StrictRunner.java:39)
at org.mockito.junit.MockitoJUnitRunner.run(MockitoJUnitRunner.java:163)
at org.junit.runner.JUnitCore.run(JUnitCore.java:137)
at org.junit.runner.JUnitCore.run(JUnitCore.java:115)
at java.util.ArrayList.forEach(ArrayList.java:1257)
... Removed 28 stack frames]]>
    </failure>
  </testcase> <!-- updateAccountType on updateAccountType(za.ac.nwu.ac.web.sb.controller.AccountTypeControllerTest) -->
  <testcase name="updateAccountTypeWithNoOptionalDate on updateAccountTypeWithNoOptionalDate(za.ac.nwu.ac.web.sb.controller.AccountTypeControllerTest)" time="5.26" classname="za.ac.nwu.ac.web.sb.controller.AccountTypeControllerTest">
    <failure type="java.lang.AssertionError" message="Status expected:&amp;lt;200&amp;gt; but was:&amp;lt;201&amp;gt;">
      <![CDATA[java.lang.AssertionError: Status expected:<200> but was:<201>
at org.springframework.test.util.AssertionErrors.fail(AssertionErrors.java:59)
at org.springframework.test.util.AssertionErrors.assertEquals(AssertionErrors.java:98)
at org.springframework.test.web.servlet.result.StatusResultMatchers.lambda$matcher$9(StatusResultMatchers.java:619)
at org.springframework.test.web.servlet.MockMvc$1.andExpect(MockMvc.java:195)
at za.ac.nwu.ac.web.sb.controller.AccountTypeControllerTest.updateAccountTypeWithNoOptionalDate(AccountTypeControllerTest.java:158)
at org.junit.runners.model.FrameworkMethod$1.runReflectiveCall(FrameworkMethod.java:50)
at org.junit.internal.runners.model.ReflectiveCallable.run(ReflectiveCallable.java:12)
at org.junit.runners.model.FrameworkMethod.invokeExplosively(FrameworkMethod.java:47)
at org.junit.internal.runners.statements.InvokeMethod.evaluate(InvokeMethod.java:17)
at org.junit.internal.runners.statements.RunBefores.evaluate(RunBefores.java:26)
at org.junit.runners.ParentRunner.runLeaf(ParentRunner.java:325)
at org.junit.runners.BlockJUnit4ClassRunner.runChild(BlockJUnit4ClassRunner.java:78)
at org.junit.runners.BlockJUnit4ClassRunner.runChild(BlockJUnit4ClassRunner.java:57)
at org.junit.runners.ParentRunner$3.run(ParentRunner.java:290)
at org.junit.runners.ParentRunner$1.schedule(ParentRunner.java:71)
at org.junit.runners.ParentRunner.runChildren(ParentRunner.java:288)
at org.junit.runners.ParentRunner.access$000(ParentRunner.java:58)
at org.junit.runners.ParentRunner$2.evaluate(ParentRunner.java:268)
at org.junit.runners.ParentRunner.run(ParentRunner.java:363)
at org.mockito.internal.runners.DefaultInternalRunner$1.run(DefaultInternalRunner.java:79)
at org.mockito.internal.runners.DefaultInternalRunner.run(DefaultInternalRunner.java:85)
at org.mockito.internal.runners.StrictRunner.run(StrictRunner.java:39)
at org.mockito.junit.MockitoJUnitRunner.run(MockitoJUnitRunner.java:163)
at org.junit.runner.JUnitCore.run(JUnitCore.java:137)
at org.junit.runner.JUnitCore.run(JUnitCore.java:115)
at java.util.ArrayList.forEach(ArrayList.java:1257)
... Removed 28 stack frames]]>
    </failure>
  </testcase> <!-- updateAccountTypeWithNoOptionalDate on updateAccountTypeWithNoOptionalDate(za.ac.nwu.ac.web.sb.controller.AccountTypeControllerTest) -->
  <testcase name="deleteAccountType on deleteAccountType(za.ac.nwu.ac.web.sb.controller.AccountTypeControllerTest)" time="5.314" classname="za.ac.nwu.ac.web.sb.controller.AccountTypeControllerTest">
    <failure type="java.lang.AssertionError" message="Status expected:&amp;lt;200&amp;gt; but was:&amp;lt;405&amp;gt;">
      <![CDATA[java.lang.AssertionError: Status expected:<200> but was:<405>
at org.springframework.test.util.AssertionErrors.fail(AssertionErrors.java:59)
at org.springframework.test.util.AssertionErrors.assertEquals(AssertionErrors.java:98)
at org.springframework.test.web.servlet.result.StatusResultMatchers.lambda$matcher$9(StatusResultMatchers.java:619)
at org.springframework.test.web.servlet.MockMvc$1.andExpect(MockMvc.java:195)
at za.ac.nwu.ac.web.sb.controller.AccountTypeControllerTest.deleteAccountType(AccountTypeControllerTest.java:115)
at org.junit.runners.model.FrameworkMethod$1.runReflectiveCall(FrameworkMethod.java:50)
at org.junit.internal.runners.model.ReflectiveCallable.run(ReflectiveCallable.java:12)
at org.junit.runners.model.FrameworkMethod.invokeExplosively(FrameworkMethod.java:47)
at org.junit.internal.runners.statements.InvokeMethod.evaluate(InvokeMethod.java:17)
at org.junit.internal.runners.statements.RunBefores.evaluate(RunBefores.java:26)
at org.junit.runners.ParentRunner.runLeaf(ParentRunner.java:325)
at org.junit.runners.BlockJUnit4ClassRunner.runChild(BlockJUnit4ClassRunner.java:78)
at org.junit.runners.BlockJUnit4ClassRunner.runChild(BlockJUnit4ClassRunner.java:57)
at org.junit.runners.ParentRunner$3.run(ParentRunner.java:290)
at org.junit.runners.ParentRunner$1.schedule(ParentRunner.java:71)
at org.junit.runners.ParentRunner.runChildren(ParentRunner.java:288)
at org.junit.runners.ParentRunner.access$000(ParentRunner.java:58)
at org.junit.runners.ParentRunner$2.evaluate(ParentRunner.java:268)
at org.junit.runners.ParentRunner.run(ParentRunner.java:363)
at org.mockito.internal.runners.DefaultInternalRunner$1.run(DefaultInternalRunner.java:79)
at org.mockito.internal.runners.DefaultInternalRunner.run(DefaultInternalRunner.java:85)
at org.mockito.internal.runners.StrictRunner.run(StrictRunner.java:39)
at org.mockito.junit.MockitoJUnitRunner.run(MockitoJUnitRunner.java:163)
at org.junit.runner.JUnitCore.run(JUnitCore.java:137)
at org.junit.runner.JUnitCore.run(JUnitCore.java:115)
at java.util.ArrayList.forEach(ArrayList.java:1257)
... Removed 28 stack frames]]>
    </failure>
  </testcase> <!-- deleteAccountType on deleteAccountType(za.ac.nwu.ac.web.sb.controller.AccountTypeControllerTest) -->
</testsuite> <!-- Surefire test -->
